Using pre-set license
Built from '2020.3/staging' branch; Version is '2020.3.22f1 (e1a7f79fd887) revision 14788599'; Using compiler version '192528614'; Build Type 'Release'
OS: 'Windows 10 Home; OS build 19042.1466; Version 2009; 64bit' Language: 'en' Physical Memory: 16147 MB
BatchMode: 1, IsHumanControllingUs: 0, StartBugReporterOnCrash: 0, Is64bit: 1, IsPro: 0

COMMAND LINE ARGUMENTS:
C:\Program Files\Unity\Hub\Editor\2020.3.22f1\Editor\Unity.exe
-adb2
-batchMode
-noUpm
-name
AssetImportWorker0
-projectPath
C:/Users/ktace/Desktop/Unity Projects/NRGScoutingApp2022
-logFile
Logs/AssetImportWorker0.log
-srvPort
49224
Successfully changed project path to: C:/Users/ktace/Desktop/Unity Projects/NRGScoutingApp2022
C:/Users/ktace/Desktop/Unity Projects/NRGScoutingApp2022
Using Asset Import Pipeline V2.
Refreshing native plugins compatible for Editor in 43.24 ms, found 3 plugins.
Preloading 0 native plugins for Editor in 0.00 ms.
Initialize engine version: 2020.3.22f1 (e1a7f79fd887)
[Subsystems] Discovering subsystems at path C:/Program Files/Unity/Hub/Editor/2020.3.22f1/Editor/Data/Resources/UnitySubsystems
[Subsystems] Discovering subsystems at path C:/Users/ktace/Desktop/Unity Projects/NRGScoutingApp2022/Assets
GfxDevice: creating device client; threaded=0
Direct3D:
    Version:  Direct3D 11.0 [level 11.1]
    Renderer: NVIDIA GeForce RTX 3050 Ti Laptop GPU (ID=0x25a0)
    Vendor:   
    VRAM:     3990 MB
    Driver:   30.0.14.9613
Initialize mono
Mono path[0] = 'C:/Program Files/Unity/Hub/Editor/2020.3.22f1/Editor/Data/Managed'
Mono path[1] = 'C:/Program Files/Unity/Hub/Editor/2020.3.22f1/Editor/Data/MonoBleedingEdge/lib/mono/unityjit'
Mono config path = 'C:/Program Files/Unity/Hub/Editor/2020.3.22f1/Editor/Data/MonoBleedingEdge/etc'
Using monoOptions --debugger-agent=transport=dt_socket,embedding=1,server=y,suspend=n,address=127.0.0.1:56168
Begin MonoManager ReloadAssembly
Registering precompiled unity dll's ...
Register platform support module: C:/Program Files/Unity/Hub/Editor/2020.3.22f1/Editor/Data/PlaybackEngines/WindowsStandaloneSupport/UnityEditor.WindowsStandalone.Extensions.dll
Registered in 0.001427 seconds.
Native extension for WindowsStandalone target not found
Refreshing native plugins compatible for Editor in 50.94 ms, found 3 plugins.
Preloading 0 native plugins for Editor in 0.00 ms.
Mono: successfully reloaded assembly
- Completed reload, in  1.517 seconds
Domain Reload Profiling:
	ReloadAssembly (1517ms)
		BeginReloadAssembly (45ms)
			ExecutionOrderSort (0ms)
			DisableScriptedObjects (0ms)
			BackupInstance (0ms)
			ReleaseScriptingObjects (0ms)
			CreateAndSetChildDomain (1ms)
		EndReloadAssembly (427ms)
			LoadAssemblies (43ms)
			RebuildTransferFunctionScriptingTraits (0ms)
			SetupTypeCache (113ms)
			ReleaseScriptCaches (0ms)
			RebuildScriptCaches (36ms)
			SetupLoadedEditorAssemblies (187ms)
				LogAssemblyErrors (0ms)
				InitializePlatformSupportModulesInManaged (5ms)
				SetLoadedEditorAssemblies (1ms)
				RefreshPlugins (51ms)
				BeforeProcessingInitializeOnLoad (14ms)
				ProcessInitializeOnLoadAttributes (89ms)
				ProcessInitializeOnLoadMethodAttributes (27ms)
				AfterProcessingInitializeOnLoad (0ms)
				EditorAssembliesLoaded (0ms)
			ExecutionOrderSort2 (0ms)
			AwakeInstancesAfterBackupRestoration (0ms)
Platform modules already initialized, skipping
Registering precompiled user dll's ...
Registered in 0.004053 seconds.
Begin MonoManager ReloadAssembly
Native extension for WindowsStandalone target not found
Refreshing native plugins compatible for Editor in 54.93 ms, found 3 plugins.
Preloading 0 native plugins for Editor in 0.00 ms.
Mono: successfully reloaded assembly
- Completed reload, in  1.065 seconds
Domain Reload Profiling:
	ReloadAssembly (1066ms)
		BeginReloadAssembly (119ms)
			ExecutionOrderSort (0ms)
			DisableScriptedObjects (4ms)
			BackupInstance (0ms)
			ReleaseScriptingObjects (0ms)
			CreateAndSetChildDomain (18ms)
		EndReloadAssembly (893ms)
			LoadAssemblies (80ms)
			RebuildTransferFunctionScriptingTraits (0ms)
			SetupTypeCache (285ms)
			ReleaseScriptCaches (0ms)
			RebuildScriptCaches (48ms)
			SetupLoadedEditorAssemblies (348ms)
				LogAssemblyErrors (0ms)
				InitializePlatformSupportModulesInManaged (4ms)
				SetLoadedEditorAssemblies (0ms)
				RefreshPlugins (55ms)
				BeforeProcessingInitializeOnLoad (71ms)
				ProcessInitializeOnLoadAttributes (195ms)
				ProcessInitializeOnLoadMethodAttributes (17ms)
				AfterProcessingInitializeOnLoad (6ms)
				EditorAssembliesLoaded (0ms)
			ExecutionOrderSort2 (0ms)
			AwakeInstancesAfterBackupRestoration (6ms)
Platform modules already initialized, skipping
========================================================================
Worker process is ready to serve import requests
Launched and connected shader compiler UnityShaderCompiler.exe after 0.07 seconds
Refreshing native plugins compatible for Editor in 0.57 ms, found 3 plugins.
Preloading 0 native plugins for Editor in 0.00 ms.
Unloading 2183 Unused Serialized files (Serialized files now loaded: 0)
System memory in use before: 95.4 MB.
System memory in use after: 95.5 MB.

Unloading 28 unused Assets to reduce memory usage. Loaded Objects now: 2616.
Total: 3.780200 ms (FindLiveObjects: 0.258000 ms CreateObjectMapping: 0.095000 ms MarkObjects: 3.343400 ms  DeleteObjects: 0.081700 ms)

AssetImportParameters requested are different than current active one (requested -> active):
  custom:framework-win-MediaFoundation: 216162199b28c13a410421893ffa2e32 -> 
  custom:video-decoder-ogg-theora: a1e56fd34408186e4bbccfd4996cb3dc -> 
  custom:container-muxer-webm: aa71ff27fc2769a1b78a27578f13a17b -> 
  custom:container-demuxer-webm: 4f35f7cbe854078d1ac9338744f61a02 -> 
  custom:container-demuxer-ogg: 62fdf1f143b41e24485cea50d1cbac27 -> 
  custom:video-encoder-webm-vp8: eb34c28f22e8b96e1ab97ce403110664 -> 
  custom:video-decoder-webm-vp8: 9c59270c3fd7afecdb556c50c9e8de78 -> 
  custom:audio-decoder-ogg-vorbis: bf7c407c2cedff20999df2af8eb42d56 -> 
  custom:audio-encoder-webm-vorbis: bf7c407c2cedff20999df2af8eb42d56 -> 
========================================================================
Received Import Request.
  path: Assets
  artifactKey: Guid(00000000000000001000000000000000) Importer(815301076,1909f56bfc062723c751e8b465ee728b)
Start importing Assets using Guid(00000000000000001000000000000000) Importer(815301076,1909f56bfc062723c751e8b465ee728b)  -> (artifact id: '42d402b061de3733987d63b9cc3b64de') in 0.011195 seconds 
  Import took 0.014438 seconds .

========================================================================
Received Import Request.
  Time since last request: 4.516492 seconds.
  path: Assets/Square.png
  artifactKey: Guid(46dba87c8aa38774f98c359cff211e1e) Importer(815301076,1909f56bfc062723c751e8b465ee728b)
Start importing Assets/Square.png using Guid(46dba87c8aa38774f98c359cff211e1e) Importer(815301076,1909f56bfc062723c751e8b465ee728b)  -> (artifact id: 'b6ed66131d57dac7584b5c86b448d47e') in 0.150642 seconds 
  Import took 0.155081 seconds .

========================================================================
Received Import Request.
  Time since last request: 6.854557 seconds.
  path: Assets/Images
  artifactKey: Guid(b1a3c43b3546c3343bdf0f62d0f83b8a) Importer(815301076,1909f56bfc062723c751e8b465ee728b)
Start importing Assets/Images using Guid(b1a3c43b3546c3343bdf0f62d0f83b8a) Importer(815301076,1909f56bfc062723c751e8b465ee728b)  -> (artifact id: 'b0d782a31d2923af9e08490dd094aa9c') in 0.007752 seconds 
  Import took 0.013443 seconds .

========================================================================
Received Import Request.
  Time since last request: 4075.704856 seconds.
  path: Assets/Images/color test.svg
  artifactKey: Guid(90a8072c4ff85dd468c9b4b8e1af2db8) Importer(815301076,1909f56bfc062723c751e8b465ee728b)
Start importing Assets/Images/color test.svg using Guid(90a8072c4ff85dd468c9b4b8e1af2db8) Importer(815301076,1909f56bfc062723c751e8b465ee728b)  -> (artifact id: 'a05f63d469ba1b11b7844e42aa7be2d8') in 0.012836 seconds 
  Import took 0.023063 seconds .

========================================================================
Received Import Request.
  Time since last request: 0.967374 seconds.
  path: Assets/Images/color test 1.svg
  artifactKey: Guid(5d10145ddef38bd40957f08b943bb0d7) Importer(815301076,1909f56bfc062723c751e8b465ee728b)
Start importing Assets/Images/color test 1.svg using Guid(5d10145ddef38bd40957f08b943bb0d7) Importer(815301076,1909f56bfc062723c751e8b465ee728b)  -> (artifact id: 'f1c9f1b48b9e66a6ff58f23bf91e45db') in 0.009620 seconds 
  Import took 0.013929 seconds .

========================================================================
Received Import Request.
  Time since last request: 5.973547 seconds.
  path: Assets/Images/color test oM.svg
  artifactKey: Guid(5d10145ddef38bd40957f08b943bb0d7) Importer(815301076,1909f56bfc062723c751e8b465ee728b)
Start importing Assets/Images/color test oM.svg using Guid(5d10145ddef38bd40957f08b943bb0d7) Importer(815301076,1909f56bfc062723c751e8b465ee728b)  -> (artifact id: '35dea7a0d2c1da6848981456ecd34e10') in 0.008421 seconds 
  Import took 0.012518 seconds .

AssetImportWorkerClient::OnTransportError - code=2 error=End of file
